Info: Starting: Create HDL design files for synthesis
Info: qsys-generate D:\GitHub\esl1_fpga_fir\quartus_proj\uart_nios_qsys\uart_nios.qsys --synthesis=VHDL --output-directory=D:\GitHub\esl1_fpga_fir\quartus_proj\uart_nios_qsys\uart_nios\synthesis --family="Cyclone V" --part=5CSEMA5F31C6
Progress: Loading uart_nios_qsys/uart_nios.qsys
Progress: Reading input file
Progress: Adding clk_0 [clock_source 22.1]
Progress: Parameterizing module clk_0
Progress: Adding clock_bridge_0 [altera_clock_bridge 22.1]
Progress: Parameterizing module clock_bridge_0
Progress: Adding jtag_uart_0 [altera_avalon_jtag_uart 22.1]
Progress: Parameterizing module jtag_uart_0
Progress: Adding mm_bridge_0 [altera_avalon_mm_bridge 22.1]
Progress: Parameterizing module mm_bridge_0
Progress: Adding nios2_gen2_0 [altera_nios2_gen2 22.1]
Progress: Parameterizing module nios2_gen2_0
Progress: Adding onchip_memory2_0 [altera_avalon_onchip_memory2 22.1]
Progress: Parameterizing module onchip_memory2_0
Progress: Adding pio_0 [altera_avalon_pio 22.1]
Progress: Parameterizing module pio_0
Progress: Adding pll_0 [altera_pll 22.1]
Progress: Parameterizing module pll_0
Progress: Building connections
Progress: Parameterizing connections
Progress: Validating
Progress: Done reading input file
Info: uart_nios.jtag_uart_0: JTAG UART IP input clock need to be at least double (2x) the operating frequency of JTAG TCK on board
Info: uart_nios.pll_0: The legal reference clock frequency is 5.0 MHz..800.0 MHz
Info: uart_nios.pll_0: Able to implement PLL with user settings
Info: uart_nios: Generating uart_nios "uart_nios" for QUARTUS_SYNTH
Info: jtag_uart_0: Starting RTL generation for module 'uart_nios_jtag_uart_0'
Info: jtag_uart_0:   Generation command is [exec C:/intelfpga/22.1std/quartus/bin64/perl/bin/perl.exe -I C:/intelfpga/22.1std/quartus/bin64/perl/lib -I C:/intelfpga/22.1std/quartus/sopc_builder/bin/europa -I C:/intelfpga/22.1std/quartus/sopc_builder/bin -I C:/intelfpga/22.1std/quartus/../ip/altera/sopc_builder_ip/common -I C:/intelfpga/22.1std/quartus/../ip/altera/sopc_builder_ip/altera_avalon_jtag_uart -- C:/intelfpga/22.1std/quartus/../ip/altera/sopc_builder_ip/altera_avalon_jtag_uart/generate_rtl.pl --name=uart_nios_jtag_uart_0 --dir=C:/Users/skohl/AppData/Local/Temp/alt0394_6964487489631324447.dir/0119_jtag_uart_0_gen/ --quartus_dir=C:/intelfpga/22.1std/quartus --verilog --config=C:/Users/skohl/AppData/Local/Temp/alt0394_6964487489631324447.dir/0119_jtag_uart_0_gen//uart_nios_jtag_uart_0_component_configuration.pl  --do_build_sim=0  ]
Info: jtag_uart_0: Done RTL generation for module 'uart_nios_jtag_uart_0'
Info: jtag_uart_0: "uart_nios" instantiated altera_avalon_jtag_uart "jtag_uart_0"
Info: mm_bridge_0: "uart_nios" instantiated altera_avalon_mm_bridge "mm_bridge_0"
Info: nios2_gen2_0: "uart_nios" instantiated altera_nios2_gen2 "nios2_gen2_0"
Info: onchip_memory2_0: Starting RTL generation for module 'uart_nios_onchip_memory2_0'
Info: onchip_memory2_0:   Generation command is [exec C:/intelfpga/22.1std/quartus/bin64/perl/bin/perl.exe -I C:/intelfpga/22.1std/quartus/bin64/perl/lib -I C:/intelfpga/22.1std/quartus/sopc_builder/bin/europa -I C:/intelfpga/22.1std/quartus/sopc_builder/bin -I C:/intelfpga/22.1std/quartus/../ip/altera/sopc_builder_ip/common -I C:/intelfpga/22.1std/quartus/../ip/altera/sopc_builder_ip/altera_avalon_onchip_memory2 -- C:/intelfpga/22.1std/quartus/../ip/altera/sopc_builder_ip/altera_avalon_onchip_memory2/generate_rtl.pl --name=uart_nios_onchip_memory2_0 --dir=C:/Users/skohl/AppData/Local/Temp/alt0394_6964487489631324447.dir/0121_onchip_memory2_0_gen/ --quartus_dir=C:/intelfpga/22.1std/quartus --verilog --config=C:/Users/skohl/AppData/Local/Temp/alt0394_6964487489631324447.dir/0121_onchip_memory2_0_gen//uart_nios_onchip_memory2_0_component_configuration.pl  --do_build_sim=0  ]
Info: onchip_memory2_0: Done RTL generation for module 'uart_nios_onchip_memory2_0'
Info: onchip_memory2_0: "uart_nios" instantiated altera_avalon_onchip_memory2 "onchip_memory2_0"
Info: pio_0: Starting RTL generation for module 'uart_nios_pio_0'
Info: pio_0:   Generation command is [exec C:/intelfpga/22.1std/quartus/bin64/perl/bin/perl.exe -I C:/intelfpga/22.1std/quartus/bin64/perl/lib -I C:/intelfpga/22.1std/quartus/sopc_builder/bin/europa -I C:/intelfpga/22.1std/quartus/sopc_builder/bin -I C:/intelfpga/22.1std/quartus/../ip/altera/sopc_builder_ip/common -I C:/intelfpga/22.1std/quartus/../ip/altera/sopc_builder_ip/altera_avalon_pio -- C:/intelfpga/22.1std/quartus/../ip/altera/sopc_builder_ip/altera_avalon_pio/generate_rtl.pl --name=uart_nios_pio_0 --dir=C:/Users/skohl/AppData/Local/Temp/alt0394_6964487489631324447.dir/0122_pio_0_gen/ --quartus_dir=C:/intelfpga/22.1std/quartus --verilog --config=C:/Users/skohl/AppData/Local/Temp/alt0394_6964487489631324447.dir/0122_pio_0_gen//uart_nios_pio_0_component_configuration.pl  --do_build_sim=0  ]
Info: pio_0: Done RTL generation for module 'uart_nios_pio_0'
Info: pio_0: "uart_nios" instantiated altera_avalon_pio "pio_0"
Info: pll_0: "uart_nios" instantiated altera_pll "pll_0"
Info: avalon_st_adapter: Inserting error_adapter: error_adapter_0
Info: avalon_st_adapter_001: Inserting error_adapter: error_adapter_0
Info: avalon_st_adapter_002: Inserting error_adapter: error_adapter_0
Info: avalon_st_adapter_003: Inserting error_adapter: error_adapter_0
Info: avalon_st_adapter_004: Inserting error_adapter: error_adapter_0
Info: mm_interconnect_0: "uart_nios" instantiated altera_mm_interconnect "mm_interconnect_0"
Info: irq_mapper: "uart_nios" instantiated altera_irq_mapper "irq_mapper"
Info: rst_controller: "uart_nios" instantiated altera_reset_controller "rst_controller"
Info: cpu: Starting RTL generation for module 'uart_nios_nios2_gen2_0_cpu'
Info: cpu:   Generation command is [exec C:/intelFPGA/22.1std/quartus/bin64//perl/bin/perl.exe -I C:/intelFPGA/22.1std/quartus/bin64//perl/lib -I C:/intelfpga/22.1std/quartus/sopc_builder/bin/europa -I C:/intelfpga/22.1std/quartus/sopc_builder/bin -I C:/intelfpga/22.1std/quartus/../ip/altera/nios2_ip/altera_nios2_gen2/cpu_lib -I C:/intelfpga/22.1std/quartus/../ip/altera/nios2_ip/altera_nios2_gen2/nios_lib -I C:/intelfpga/22.1std/quartus/../ip/altera/nios2_ip/altera_nios2_gen2 -I C:/intelfpga/22.1std/quartus/../ip/altera/nios2_ip/altera_nios2_gen2 -- C:/intelfpga/22.1std/quartus/../ip/altera/nios2_ip/altera_nios2_gen2/generate_rtl.pl --name=uart_nios_nios2_gen2_0_cpu --dir=C:/Users/skohl/AppData/Local/Temp/alt0394_6964487489631324447.dir/0126_cpu_gen/ --quartus_bindir=C:/intelFPGA/22.1std/quartus/bin64/ --verilog --config=C:/Users/skohl/AppData/Local/Temp/alt0394_6964487489631324447.dir/0126_cpu_gen//uart_nios_nios2_gen2_0_cpu_processor_configuration.pl  --do_build_sim=0  ]
Info: cpu: # 2025.11.02 19:45:02 (*) Starting Nios II generation
Info: cpu: # 2025.11.02 19:45:02 (*)   Elaborating CPU configuration settings
Info: cpu: # 2025.11.02 19:45:02 (*)   Creating all objects for CPU
Info: cpu: # 2025.11.02 19:45:02 (*)     Testbench
Info: cpu: # 2025.11.02 19:45:03 (*)     Instruction decoding
Info: cpu: # 2025.11.02 19:45:03 (*)       Instruction fields
Info: cpu: # 2025.11.02 19:45:03 (*)       Instruction decodes
Info: cpu: # 2025.11.02 19:45:03 (*)       Signals for RTL simulation waveforms
Info: cpu: # 2025.11.02 19:45:03 (*)       Instruction controls
Info: cpu: # 2025.11.02 19:45:03 (*)     Pipeline frontend
Info: cpu: # 2025.11.02 19:45:03 (*)     Pipeline backend
Info: cpu: # 2025.11.02 19:45:04 (*)   Generating RTL from CPU objects
Info: cpu: # 2025.11.02 19:45:04 (*)   Creating plain-text RTL
Info: cpu: # 2025.11.02 19:45:04 (*) Done Nios II generation
Info: cpu: Done RTL generation for module 'uart_nios_nios2_gen2_0_cpu'
Info: cpu: "nios2_gen2_0" instantiated altera_nios2_gen2_unit "cpu"
Info: nios2_gen2_0_data_master_translator: "mm_interconnect_0" instantiated altera_merlin_master_translator "nios2_gen2_0_data_master_translator"
Info: jtag_uart_0_avalon_jtag_slave_translator: "mm_interconnect_0" instantiated altera_merlin_slave_translator "jtag_uart_0_avalon_jtag_slave_translator"
Info: nios2_gen2_0_data_master_agent: "mm_interconnect_0" instantiated altera_merlin_master_agent "nios2_gen2_0_data_master_agent"
Info: jtag_uart_0_avalon_jtag_slave_agent: "mm_interconnect_0" instantiated altera_merlin_slave_agent "jtag_uart_0_avalon_jtag_slave_agent"
Info: jtag_uart_0_avalon_jtag_slave_agent_rsp_fifo: "mm_interconnect_0" instantiated altera_avalon_sc_fifo "jtag_uart_0_avalon_jtag_slave_agent_rsp_fifo"
Info: router: "mm_interconnect_0" instantiated altera_merlin_router "router"
Info: router_001: "mm_interconnect_0" instantiated altera_merlin_router "router_001"
Info: router_002: "mm_interconnect_0" instantiated altera_merlin_router "router_002"
Info: router_003: "mm_interconnect_0" instantiated altera_merlin_router "router_003"
Info: nios2_gen2_0_data_master_limiter: "mm_interconnect_0" instantiated altera_merlin_traffic_limiter "nios2_gen2_0_data_master_limiter"
Info: Reusing file D:/GitHub/esl1_fpga_fir/quartus_proj/uart_nios_qsys/uart_nios/synthesis/submodules/altera_avalon_sc_fifo.v
Info: cmd_demux: "mm_interconnect_0" instantiated altera_merlin_demultiplexer "cmd_demux"
Info: cmd_demux_001: "mm_interconnect_0" instantiated altera_merlin_demultiplexer "cmd_demux_001"
Info: cmd_mux: "mm_interconnect_0" instantiated altera_merlin_multiplexer "cmd_mux"
Info: cmd_mux_001: "mm_interconnect_0" instantiated altera_merlin_multiplexer "cmd_mux_001"
Info: Reusing file D:/GitHub/esl1_fpga_fir/quartus_proj/uart_nios_qsys/uart_nios/synthesis/submodules/altera_merlin_arbitrator.sv
Info: rsp_demux: "mm_interconnect_0" instantiated altera_merlin_demultiplexer "rsp_demux"
Info: rsp_demux_001: "mm_interconnect_0" instantiated altera_merlin_demultiplexer "rsp_demux_001"
Info: rsp_mux: "mm_interconnect_0" instantiated altera_merlin_multiplexer "rsp_mux"
Info: Reusing file D:/GitHub/esl1_fpga_fir/quartus_proj/uart_nios_qsys/uart_nios/synthesis/submodules/altera_merlin_arbitrator.sv
Info: rsp_mux_001: "mm_interconnect_0" instantiated altera_merlin_multiplexer "rsp_mux_001"
Info: Reusing file D:/GitHub/esl1_fpga_fir/quartus_proj/uart_nios_qsys/uart_nios/synthesis/submodules/altera_merlin_arbitrator.sv
Info: avalon_st_adapter: "mm_interconnect_0" instantiated altera_avalon_st_adapter "avalon_st_adapter"
Info: error_adapter_0: "avalon_st_adapter" instantiated error_adapter "error_adapter_0"
Info: uart_nios: Done "uart_nios" with 31 modules, 52 files
Info: qsys-generate succeeded.
Info: Finished: Create HDL design files for synthesis
